[debug] [2025-09-04T06:08:37.075Z] ----------------------------------------------------------------------
[debug] [2025-09-04T06:08:37.079Z] Command:       /opt/homebrew/Cellar/node/24.1.0/bin/node /opt/homebrew/bin/firebase deploy --only hosting
[debug] [2025-09-04T06:08:37.079Z] CLI Version:   14.15.1
[debug] [2025-09-04T06:08:37.079Z] Platform:      darwin
[debug] [2025-09-04T06:08:37.079Z] Node Version:  v24.1.0
[debug] [2025-09-04T06:08:37.079Z] Time:          Thu Sep 04 2025 11:38:37 GMT+0530 (India Standard Time)
[debug] [2025-09-04T06:08:37.079Z] ----------------------------------------------------------------------
[debug] 
[debug] [2025-09-04T06:08:37.228Z] > command requires scopes: ["email","openid","https://www.googleapis.com/auth/cloudplatformprojects.readonly","https://www.googleapis.com/auth/firebase","https://www.googleapis.com/auth/cloud-platform"]
[debug] [2025-09-04T06:08:37.229Z] > authorizing via signed-in user (vamcsai7@gmail.com)
[debug] [2025-09-04T06:08:37.229Z] [iam] checking project interviewfire-df24e for permissions ["firebase.projects.get","firebasehosting.sites.update"]
[debug] [2025-09-04T06:08:37.229Z] Checked if tokens are valid: true, expires at: 1756969660843
[debug] [2025-09-04T06:08:37.229Z] Checked if tokens are valid: true, expires at: 1756969660843
[debug] [2025-09-04T06:08:37.230Z] >>> [apiv2][query] POST https://cloudresourcemanager.googleapis.com/v1/projects/interviewfire-df24e:testIamPermissions [none]
[debug] [2025-09-04T06:08:37.230Z] >>> [apiv2][(partial)header] POST https://cloudresourcemanager.googleapis.com/v1/projects/interviewfire-df24e:testIamPermissions x-goog-quota-user=projects/interviewfire-df24e
[debug] [2025-09-04T06:08:37.230Z] >>> [apiv2][body] POST https://cloudresourcemanager.googleapis.com/v1/projects/interviewfire-df24e:testIamPermissions {"permissions":["firebase.projects.get","firebasehosting.sites.update"]}
[debug] [2025-09-04T06:08:38.708Z] <<< [apiv2][status] POST https://cloudresourcemanager.googleapis.com/v1/projects/interviewfire-df24e:testIamPermissions 200
[debug] [2025-09-04T06:08:38.708Z] <<< [apiv2][body] POST https://cloudresourcemanager.googleapis.com/v1/projects/interviewfire-df24e:testIamPermissions {"permissions":["firebase.projects.get","firebasehosting.sites.update"]}
[debug] [2025-09-04T06:08:38.710Z] Checked if tokens are valid: true, expires at: 1756969660843
[debug] [2025-09-04T06:08:38.710Z] Checked if tokens are valid: true, expires at: 1756969660843
[debug] [2025-09-04T06:08:38.712Z] >>> [apiv2][query] GET https://firebase.googleapis.com/v1beta1/projects/interviewfire-df24e [none]
[debug] [2025-09-04T06:08:39.310Z] <<< [apiv2][status] GET https://firebase.googleapis.com/v1beta1/projects/interviewfire-df24e 200
[debug] [2025-09-04T06:08:39.311Z] <<< [apiv2][body] GET https://firebase.googleapis.com/v1beta1/projects/interviewfire-df24e {"projectId":"interviewfire-df24e","projectNumber":"601810266687","displayName":"interviewfire","name":"projects/interviewfire-df24e","resources":{"hostingSite":"interviewfire-df24e"},"state":"ACTIVE","etag":"1_695c6543-524f-4582-a601-6f0245d882dc"}
[debug] [2025-09-04T06:08:39.314Z] Specified "public" directory "public" does not exist; Deploy to Hosting site "interviewfire-df24e" may fail or be empty.
[info] 
[info] === Deploying to 'interviewfire-df24e'...
[info] 
[info] i  deploying hosting 
[debug] [2025-09-04T06:08:39.320Z] Checked if tokens are valid: true, expires at: 1756969660843
[debug] [2025-09-04T06:08:39.320Z] Checked if tokens are valid: true, expires at: 1756969660843
[debug] [2025-09-04T06:08:39.320Z] >>> [apiv2][query] POST https://firebasehosting.googleapis.com/v1beta1/projects/-/sites/interviewfire-df24e/versions [none]
[debug] [2025-09-04T06:08:39.320Z] >>> [apiv2][body] POST https://firebasehosting.googleapis.com/v1beta1/projects/-/sites/interviewfire-df24e/versions {"status":"CREATED","labels":{"deployment-tool":"cli-firebase"}}
